\BOOKMARK [0][-]{chapter.1}{\376\377\000A\000P\000I\000\040\000R\000e\000f\000e\000r\000e\000n\000c\000e}{}% 1
\BOOKMARK [1][-]{section.1.1}{\376\377\000h\000y\000b\000r\000i\000d}{chapter.1}% 2
\BOOKMARK [2][-]{subsection.1.1.1}{\376\377\000S\000u\000b\000m\000o\000d\000u\000l\000e\000s}{section.1.1}% 3
\BOOKMARK [3][-]{subsubsection*.3}{\376\377\000h\000y\000b\000r\000i\000d\000.\000l\000a\000n\000g\000u\000a\000g\000e}{subsection.1.1.1}% 4
\BOOKMARK [4][-]{paragraph*.4}{\376\377\000M\000o\000d\000u\000l\000e\000\040\000C\000o\000n\000t\000e\000n\000t\000s}{subsubsection*.3}% 5
\BOOKMARK [5][-]{subparagraph*.5}{\376\377\000F\000u\000n\000c\000t\000i\000o\000n\000s}{paragraph*.4}% 6
\BOOKMARK [3][-]{subsubsection*.8}{\376\377\000h\000y\000b\000r\000i\000d\000.\000l\000a\000t\000e\000x}{subsection.1.1.1}% 7
\BOOKMARK [4][-]{paragraph*.9}{\376\377\000M\000o\000d\000u\000l\000e\000\040\000C\000o\000n\000t\000e\000n\000t\000s}{subsubsection*.8}% 8
\BOOKMARK [5][-]{subparagraph*.10}{\376\377\000C\000l\000a\000s\000s\000e\000s}{paragraph*.9}% 9
\BOOKMARK [5][-]{subparagraph*.11}{\376\377\000F\000u\000n\000c\000t\000i\000o\000n\000s}{paragraph*.9}% 10
\BOOKMARK [5][-]{subparagraph*.12}{\376\377\000A\000t\000t\000r\000i\000b\000u\000t\000e\000s}{paragraph*.9}% 11
\BOOKMARK [3][-]{subsubsection*.35}{\376\377\000h\000y\000b\000r\000i\000d\000.\000p\000a\000r\000s\000e\000r}{subsection.1.1.1}% 12
\BOOKMARK [4][-]{paragraph*.36}{\376\377\000M\000o\000d\000u\000l\000e\000\040\000C\000o\000n\000t\000e\000n\000t\000s}{subsubsection*.35}% 13
\BOOKMARK [5][-]{subparagraph*.37}{\376\377\000C\000l\000a\000s\000s\000e\000s}{paragraph*.36}% 14
\BOOKMARK [5][-]{subparagraph*.38}{\376\377\000F\000u\000n\000c\000t\000i\000o\000n\000s}{paragraph*.36}% 15
\BOOKMARK [5][-]{subparagraph*.39}{\376\377\000A\000t\000t\000r\000i\000b\000u\000t\000e\000s}{paragraph*.36}% 16
\BOOKMARK [3][-]{subsubsection*.75}{\376\377\000h\000y\000b\000r\000i\000d\000.\000s\000y\000n\000t\000a\000x}{subsection.1.1.1}% 17
\BOOKMARK [4][-]{paragraph*.76}{\376\377\000M\000o\000d\000u\000l\000e\000\040\000C\000o\000n\000t\000e\000n\000t\000s}{subsubsection*.75}% 18
\BOOKMARK [5][-]{subparagraph*.77}{\376\377\000C\000l\000a\000s\000s\000e\000s}{paragraph*.76}% 19
\BOOKMARK [5][-]{subparagraph*.78}{\376\377\000F\000u\000n\000c\000t\000i\000o\000n\000s}{paragraph*.76}% 20
\BOOKMARK [0][-]{chapter.2}{\376\377\000I\000n\000d\000i\000c\000e\000s\000\040\000a\000n\000d\000\040\000t\000a\000b\000l\000e\000s}{}% 21
\BOOKMARK [0][-]{section*.154}{\376\377\000P\000y\000t\000h\000o\000n\000\040\000M\000o\000d\000u\000l\000e\000\040\000I\000n\000d\000e\000x}{}% 22
\BOOKMARK [0][-]{section*.155}{\376\377\000I\000n\000d\000e\000x}{}% 23
